<?xml version="1.0" encoding="UTF-8"?>
<!-- Generated by org.testng.reporters.JUnitReportReporter -->
<testsuite hostname="LAPTOP-4F11CKJ5" failures="0" tests="2" name="com.qa.libs.BaseClass" time="6.037" errors="0" timestamp="14 Aug. 2020 14:52:23 GMT" skipped="1">
  <testcase classname="com.qa.libs.BaseClass" name="clickCounterTest" time="6.037"/>
  <testcase classname="com.qa.libs.BaseClass" name="shortURLTest">
    <skipped/>
  </testcase> <!-- shortURLTest -->
</testsuite> <!-- com.qa.libs.BaseClass -->
